<?xml version="1.0" encoding="UTF-8"?>
<!-- Generated by org.testng.reporters.JUnitReportReporter -->
<testsuite hostname="SSPL-E450-0049" failures="0" tests="1" name="Tests.MedPurchase" time="0.000" errors="0" timestamp="2020-07-09T15:18:47 IST" skipped="1">
  <testcase classname="Tests.MedPurchase" name="cpwd" time="0.000">
    <skipped/>
  </testcase> <!-- cpwd -->
  <system-out/>
</testsuite> <!-- Tests.MedPurchase -->
