<?xml version="1.0" encoding="UTF-8"?>
<!-- Generated by org.testng.reporters.JUnitReportReporter -->
<testsuite hostname="SSPL-E450-0049" failures="0" tests="2" name="Tests.Registration" time="0.000" errors="0" timestamp="2020-07-09T15:18:47 IST" skipped="2">
  <testcase classname="Tests.Registration" name="regTest2" time="0.000">
    <skipped/>
  </testcase> <!-- regTest2 -->
  <system-out/>
  <testcase classname="Tests.Registration" name="regTest1" time="0.000">
    <skipped/>
  </testcase> <!-- regTest1 -->
  <system-out/>
</testsuite> <!-- Tests.Registration -->
